<?xml version="1.0" encoding="UTF-8"?>
<testng-results ignored="0" total="2" passed="2" failed="0" skipped="0">
  <reporter-output>
  </reporter-output>
  <suite started-at="2023-12-26T15:44:30 EST" name="Login Test Suite" finished-at="2023-12-26T15:44:45 EST" duration-ms="15325">
    <groups>
    </groups>
    <test started-at="2023-12-26T15:44:30 EST" name="Login Test" finished-at="2023-12-26T15:44:45 EST" duration-ms="15325">
      <class name="testcase.LoginTest">
        <test-method is-config="true" signature="setUp()[pri:0, instance:testcase.LoginTest@18df8434]" started-at="2023-12-26T15:44:30 EST" name="setUp" finished-at="2023-12-26T15:44:34 EST" duration-ms="4050" status="PASS">
          <reporter-output>
          </reporter-output>
        </test-method> <!-- setUp -->
        <test-method signature="UserLogin()[pri:1, instance:testcase.LoginTest@18df8434]" started-at="2023-12-26T15:44:34 EST" name="UserLogin" finished-at="2023-12-26T15:44:43 EST" duration-ms="9146" status="PASS">
          <reporter-output>
          </reporter-output>
        </test-method> <!-- UserLogin -->
      </class> <!-- testcase.LoginTest -->
      <class name="testcase.VenusUnlocked">
        <test-method signature="EbboEnrollementWithVisaFreeShipping()[pri:2, instance:testcase.VenusUnlocked@f09733f]" started-at="2023-12-26T15:44:43 EST" name="EbboEnrollementWithVisaFreeShipping" finished-at="2023-12-26T15:44:45 EST" duration-ms="2105" status="PASS">
          <reporter-output>
          </reporter-output>
        </test-method> <!-- EbboEnrollementWithVisaFreeShipping -->
      </class> <!-- testcase.VenusUnlocked -->
    </test> <!-- Login Test -->
  </suite> <!-- Login Test Suite -->
</testng-results>
