<?xml version="1.0" encoding="UTF-8"?>
<!-- Generated by org.testng.reporters.JUnitXMLReporter -->
<testsuite ignored="1" hostname="VWL-DV1PTV3" failures="0" tests="2" name="Login Test" time="15.325" errors="0" timestamp="2023-12-26T15:44:45 EST">
  <testcase classname="testcase.LoginTest" name="UserLogin" time="9.146"/>
  <testcase classname="testcase.VenusUnlocked" name="EbboEnrollementWithVisaFreeShipping" time="2.105"/>
  <testcase classname="base.BaseTest" name="@BeforeTest setUp" time="0.0">
    <ignored/>
  </testcase> <!-- @BeforeTest setUp -->
</testsuite> <!-- Login Test -->
